<?xml version="1.0" encoding="UTF-8"?>
<testsuite xmlns:xsi="http://www.w3.org/2001/XMLSchema-instance" xsi:noNamespaceSchemaLocation="https://maven.apache.org/surefire/maven-surefire-plugin/xsd/surefire-test-report-3.0.xsd" version="3.0" name="Ejercicio02.Ejercicio02Test" time="0.231" tests="28" errors="0" skipped="0" failures="0">
  <properties>
    <property name="java.specification.version" value="19"/>
    <property name="sun.cpu.isalist" value="amd64"/>
    <property name="sun.jnu.encoding" value="Cp1252"/>
    <property name="java.class.path" value="C:\Users\perid\git\ej2exahmisjun22practica-\Ejercicio02\target\test-classes;C:\Users\perid\git\ej2exahmisjun22practica-\Ejercicio02\target\classes;C:\Users\perid\.m2\repository\org\junit\jupiter\junit-jupiter-engine\5.9.2\junit-jupiter-engine-5.9.2.jar;C:\Users\perid\.m2\repository\org\junit\platform\junit-platform-engine\1.9.2\junit-platform-engine-1.9.2.jar;C:\Users\perid\.m2\repository\org\apiguardian\apiguardian-api\1.1.2\apiguardian-api-1.1.2.jar;C:\Users\perid\.m2\repository\org\junit\jupiter\junit-jupiter-api\5.9.2\junit-jupiter-api-5.9.2.jar;C:\Users\perid\.m2\repository\org\opentest4j\opentest4j\1.2.0\opentest4j-1.2.0.jar;C:\Users\perid\.m2\repository\org\junit\platform\junit-platform-commons\1.9.2\junit-platform-commons-1.9.2.jar;C:\Users\perid\.m2\repository\org\junit\jupiter\junit-jupiter-params\5.9.2\junit-jupiter-params-5.9.2.jar;"/>
    <property name="java.vm.vendor" value="Oracle Corporation"/>
    <property name="sun.arch.data.model" value="64"/>
    <property name="user.variant" value=""/>
    <property name="java.vendor.url" value="https://java.oracle.com/"/>
    <property name="user.timezone" value="Europe/Madrid"/>
    <property name="os.name" value="Windows 11"/>
    <property name="java.vm.specification.version" value="19"/>
    <property name="sun.java.launcher" value="SUN_STANDARD"/>
    <property name="user.country" value="US"/>
    <property name="sun.boot.library.path" value="C:\Users\perid\OneDrive\Escritorio\GIPP2020EclipseFoundation\JDKS\jdk-19.0.2\bin"/>
    <property name="sun.java.command" value="C:\Users\perid\AppData\Local\Temp\surefire11079214043485081746\surefirebooter-20230623093213000_3.jar C:\Users\perid\AppData\Local\Temp\surefire11079214043485081746 2023-06-23T09-32-12_741-jvmRun1 surefire-20230623093213000_1tmp surefire_0-20230623093213000_2tmp"/>
    <property name="jdk.debug" value="release"/>
    <property name="surefire.test.class.path" value="C:\Users\perid\git\ej2exahmisjun22practica-\Ejercicio02\target\test-classes;C:\Users\perid\git\ej2exahmisjun22practica-\Ejercicio02\target\classes;C:\Users\perid\.m2\repository\org\junit\jupiter\junit-jupiter-engine\5.9.2\junit-jupiter-engine-5.9.2.jar;C:\Users\perid\.m2\repository\org\junit\platform\junit-platform-engine\1.9.2\junit-platform-engine-1.9.2.jar;C:\Users\perid\.m2\repository\org\apiguardian\apiguardian-api\1.1.2\apiguardian-api-1.1.2.jar;C:\Users\perid\.m2\repository\org\junit\jupiter\junit-jupiter-api\5.9.2\junit-jupiter-api-5.9.2.jar;C:\Users\perid\.m2\repository\org\opentest4j\opentest4j\1.2.0\opentest4j-1.2.0.jar;C:\Users\perid\.m2\repository\org\junit\platform\junit-platform-commons\1.9.2\junit-platform-commons-1.9.2.jar;C:\Users\perid\.m2\repository\org\junit\jupiter\junit-jupiter-params\5.9.2\junit-jupiter-params-5.9.2.jar;"/>
    <property name="sun.cpu.endian" value="little"/>
    <property name="user.home" value="C:\Users\perid"/>
    <property name="user.language" value="en"/>
    <property name="java.specification.vendor" value="Oracle Corporation"/>
    <property name="java.version.date" value="2023-01-17"/>
    <property name="java.home" value="C:\Users\perid\OneDrive\Escritorio\GIPP2020EclipseFoundation\JDKS\jdk-19.0.2"/>
    <property name="file.separator" value="\"/>
    <property name="basedir" value="C:\Users\perid\git\ej2exahmisjun22practica-\Ejercicio02"/>
    <property name="java.vm.compressedOopsMode" value="Zero based"/>
    <property name="line.separator" value="&#10;"/>
    <property name="java.vm.specification.vendor" value="Oracle Corporation"/>
    <property name="java.specification.name" value="Java Platform API Specification"/>
    <property name="surefire.real.class.path" value="C:\Users\perid\AppData\Local\Temp\surefire11079214043485081746\surefirebooter-20230623093213000_3.jar"/>
    <property name="user.script" value=""/>
    <property name="sun.management.compiler" value="HotSpot 64-Bit Tiered Compilers"/>
    <property name="java.runtime.version" value="19.0.2+7-44"/>
    <property name="user.name" value="perid"/>
    <property name="stdout.encoding" value="Cp1252"/>
    <property name="path.separator" value=";"/>
    <property name="os.version" value="10.0"/>
    <property name="java.runtime.name" value="Java(TM) SE Runtime Environment"/>
    <property name="file.encoding" value="UTF-8"/>
    <property name="java.vm.name" value="Java HotSpot(TM) 64-Bit Server VM"/>
    <property name="localRepository" value="C:\Users\perid\.m2\repository"/>
    <property name="java.vendor.url.bug" value="https://bugreport.java.com/bugreport/"/>
    <property name="java.io.tmpdir" value="C:\Users\perid\AppData\Local\Temp\"/>
    <property name="java.version" value="19.0.2"/>
    <property name="user.dir" value="C:\Users\perid\git\ej2exahmisjun22practica-\Ejercicio02"/>
    <property name="os.arch" value="amd64"/>
    <property name="java.vm.specification.name" value="Java Virtual Machine Specification"/>
    <property name="sun.os.patch.level" value=""/>
    <property name="native.encoding" value="Cp1252"/>
    <property name="java.library.path" value="C:\Users\perid\OneDrive\Escritorio\GIPP2020EclipseFoundation\JDKS\jdk-19.0.2\bin;C:\WINDOWS\Sun\Java\bin;C:\WINDOWS\system32;C:\WINDOWS;C:\Users\perid\bin;C:\Program Files\Git\mingw64\bin;C:\Program Files\Git\usr\local\bin;C:\Program Files\Git\usr\bin;C:\Program Files\Git\usr\bin;C:\Program Files\Git\mingw64\bin;C:\Program Files\Git\usr\bin;C:\Users\perid\bin;C:\oraclexe\app\oracle\product\10.2.0\server\bin;C:\Program Files (x86)\Intel\oneAPI\tbb\latest\redist\intel64\vc_mt;C:\Program Files (x86)\Intel\oneAPI\tbb\latest\redist\ia32\vc_mt;C:\Program Files (x86)\Intel\oneAPI\compiler\latest\windows\redist\intel64_win\compiler;C:\Program Files (x86)\Intel\oneAPI\compiler\latest\windows\redist\ia32_win\compiler;C:\Program Files\Common Files\Oracle\Java\javapath;C:\Program Files (x86)\Common Files\Oracle\Java\javapath;C:\windows\system32;C:\windows;C:\windows\System32\Wbem;C:\windows\System32\WindowsPowerShell\v1.0;C:\windows\System32\OpenSSH;C:\Program Files (x86)\Intel\Intel(R) Management Engine Components\DAL;C:\Program Files\Intel\Intel(R) Management Engine Components\DAL;C:\Program Files (x86)\Intel\Intel(R) Management Engine Components\IPT;C:\Program Files\Intel\Intel(R) Management Engine Components\IPT;C:\Program Files (x86)\NVIDIA Corporation\PhysX\Common;C:\WINDOWS\system32;C:\WINDOWS;C:\WINDOWS\System32\Wbem;C:\WINDOWS\System32\WindowsPowerShell\v1.0;C:\WINDOWS\System32\OpenSSH;C:\Program Files\Intel\WiFi\bin;C:\Program Files\Common Files\Intel\WirelessCommon;C:\Program Files\Microsoft SQL Server\150\Tools\Binn;C:\WINDOWS\system32;C:\WINDOWS;C:\WINDOWS\System32\Wbem;C:\WINDOWS\System32\WindowsPowerShell\v1.0;C:\WINDOWS\System32\OpenSSH;C:\Program Files\Git\cmd;C:\Program Files\nodejs;C:\Program Files\Docker\Docker\resources\bin;C:\Users\perid\OneDrive\Documentos\Maven\apache-maven-3.9.1\bin;C:\Program Files\Spring\spring-1.0.0.RC5\bin;C:\msys64\mingw64\bin;C:\opencv\build\bin;C:\Program Files\dotnet;C:\Program Files\Microsoft SQL Server\Client SDK\ODBC\170\Tools\Binn;C:\Users\perid\AppData\Local\Microsoft\WindowsApps;C:\Users\perid\.dotnet\tools;C:\Users\perid\AppData\Local\Programs\Microsoft VS Code\bin;C:\Users\perid\AppData\Local\Microsoft\WindowsApps;C:\Users\perid\AppData\Roaming\npm;C:\Users\perid\.dotnet\tools;C:\Users\perid\AppData\Local\spicetify;C:\Users\perid\.dotnet\tools;C:\Program Files\Git\usr\bin\vendor_perl;C:\Program Files\Git\usr\bin\core_perl;."/>
    <property name="java.vm.info" value="mixed mode, sharing"/>
    <property name="stderr.encoding" value="Cp1252"/>
    <property name="java.vendor" value="Oracle Corporation"/>
    <property name="java.vm.version" value="19.0.2+7-44"/>
    <property name="sun.io.unicode.encoding" value="UnicodeLittle"/>
    <property name="java.class.version" value="63.0"/>
  </properties>
  <testcase name="testTotal(int, int, int, boolean)[1]" classname="Ejercicio02.Ejercicio02Test" time="0.066"/>
  <testcase name="testTotal(int, int, int, boolean)[2]" classname="Ejercicio02.Ejercicio02Test" time="0.002"/>
  <testcase name="testTotal(int, int, int, boolean)[3]" classname="Ejercicio02.Ejercicio02Test" time="0.001"/>
  <testcase name="testTotal(int, int, int, boolean)[4]" classname="Ejercicio02.Ejercicio02Test" time="0.001"/>
  <testcase name="testTotal(int, int, int, boolean)[5]" classname="Ejercicio02.Ejercicio02Test" time="0.002"/>
  <testcase name="testTotal(int, int, int, boolean)[6]" classname="Ejercicio02.Ejercicio02Test" time="0.002"/>
  <testcase name="testTotal(int, int, int, boolean)[7]" classname="Ejercicio02.Ejercicio02Test" time="0.001"/>
  <testcase name="testTotal(int, int, int, boolean)[8]" classname="Ejercicio02.Ejercicio02Test" time="0.002"/>
  <testcase name="testTotal(int, int, int, boolean)[9]" classname="Ejercicio02.Ejercicio02Test" time="0.001"/>
  <testcase name="testTotal(int, int, int, boolean)[10]" classname="Ejercicio02.Ejercicio02Test" time="0.001"/>
  <testcase name="testTotal(int, int, int, boolean)[11]" classname="Ejercicio02.Ejercicio02Test" time="0.001"/>
  <testcase name="testTotal(int, int, int, boolean)[12]" classname="Ejercicio02.Ejercicio02Test" time="0.001"/>
  <testcase name="testTotal(int, int, int, boolean)[13]" classname="Ejercicio02.Ejercicio02Test" time="0.001"/>
  <testcase name="testTotal(int, int, int, boolean)[14]" classname="Ejercicio02.Ejercicio02Test" time="0.001"/>
  <testcase name="testTotal(int, int, int, boolean)[15]" classname="Ejercicio02.Ejercicio02Test" time="0.002"/>
  <testcase name="testTotal(int, int, int, boolean)[16]" classname="Ejercicio02.Ejercicio02Test" time="0.001"/>
  <testcase name="testTotal(int, int, int, boolean)[17]" classname="Ejercicio02.Ejercicio02Test" time="0.001"/>
  <testcase name="testTotal(int, int, int, boolean)[18]" classname="Ejercicio02.Ejercicio02Test" time="0.001"/>
  <testcase name="testTotal(int, int, int, boolean)[19]" classname="Ejercicio02.Ejercicio02Test" time="0.001"/>
  <testcase name="testTotal(int, int, int, boolean)[20]" classname="Ejercicio02.Ejercicio02Test" time="0.001"/>
  <testcase name="testTotal(int, int, int, boolean)[21]" classname="Ejercicio02.Ejercicio02Test" time="0.001"/>
  <testcase name="testTotal(int, int, int, boolean)[22]" classname="Ejercicio02.Ejercicio02Test" time="0.001"/>
  <testcase name="testTotal(int, int, int, boolean)[23]" classname="Ejercicio02.Ejercicio02Test" time="0.002"/>
  <testcase name="testTotal(int, int, int, boolean)[24]" classname="Ejercicio02.Ejercicio02Test" time="0.001"/>
  <testcase name="testTotal(int, int, int, boolean)[25]" classname="Ejercicio02.Ejercicio02Test" time="0.002"/>
  <testcase name="testTotal(int, int, int, boolean)[26]" classname="Ejercicio02.Ejercicio02Test" time="0.001"/>
  <testcase name="testTotal(int, int, int, boolean)[27]" classname="Ejercicio02.Ejercicio02Test" time="0.001"/>
  <testcase name="testTotal(int, int, int, boolean)[28]" classname="Ejercicio02.Ejercicio02Test" time="0.001"/>
</testsuite>